


ARM Macro Assembler    Page 1 


    1 00000000                 AREA             Signal, DATA, READONLY
    2 00000000                 export           TabSig
    3 00000000         
    4 00000000         ; Fnor = 1.000
    5 00000000         ;   Ph = 0.000
    6 00000000         ;    A = 2048.000
    7 00000000         
    8 00000000         TabSig
    9 00000000 FF 0F           DCW              4095        ;  0 0x0fff  0.9997
                                                            6
   10 00000002 F6 0F           DCW              4086        ;  1 0x0ff6  0.9975
                                                            6
   11 00000004 D9 0F           DCW              4057        ;  2 0x0fd9  0.9904
                                                            8
   12 00000006 A8 0F           DCW              4008        ;  3 0x0fa8  0.9785
                                                            2
   13 00000008 64 0F           DCW              3940        ;  4 0x0f64  0.9619
                                                            1
   14 0000000A 0E 0F           DCW              3854        ;  5 0x0f0e  0.9409
                                                            2
   15 0000000C A7 0E           DCW              3751        ;  6 0x0ea7  0.9157
                                                            7
   16 0000000E 2F 0E           DCW              3631        ;  7 0x0e2f  0.8864
                                                            7
   17 00000010 A8 0D           DCW              3496        ;  8 0x0da8  0.8535
                                                            2
   18 00000012 13 0D           DCW              3347        ;  9 0x0d13  0.8171
                                                            4
   19 00000014 72 0C           DCW              3186        ; 10 0x0c72  0.7778
                                                            3
   20 00000016 C5 0B           DCW              3013        ; 11 0x0bc5  0.7356
                                                            0
   21 00000018 10 0B           DCW              2832        ; 12 0x0b10  0.6914
                                                            1
   22 0000001A 53 0A           DCW              2643        ; 13 0x0a53  0.6452
                                                            6
   23 0000001C 90 09           DCW              2448        ; 14 0x0990  0.5976
                                                            6
   24 0000001E C9 08           DCW              2249        ; 15 0x08c9  0.5490
                                                            7
   25 00000020 00 08           DCW              2048        ; 16 0x0800  0.5000
                                                            0
   26 00000022 37 07           DCW              1847        ; 17 0x0737  0.4509
                                                            3
   27 00000024 70 06           DCW              1648        ; 18 0x0670  0.4023
                                                            4
   28 00000026 AD 05           DCW              1453        ; 19 0x05ad  0.3547
                                                            4
   29 00000028 F0 04           DCW              1264        ; 20 0x04f0  0.3085
                                                            9
   30 0000002A 3B 04           DCW              1083        ; 21 0x043b  0.2644
                                                            0
   31 0000002C 8E 03           DCW              910         ; 22 0x038e  0.2221
                                                            7
   32 0000002E ED 02           DCW              749         ; 23 0x02ed  0.1828
                                                            6
   33 00000030 58 02           DCW              600         ; 24 0x0258  0.1464
                                                            8
   34 00000032 D1 01           DCW              465         ; 25 0x01d1  0.1135



ARM Macro Assembler    Page 2 


                                                            3
   35 00000034 59 01           DCW              345         ; 26 0x0159  0.0842
                                                            3
   36 00000036 F2 00           DCW              242         ; 27 0x00f2  0.0590
                                                            8
   37 00000038 9C 00           DCW              156         ; 28 0x009c  0.0380
                                                            9
   38 0000003A 58 00           DCW              88          ; 29 0x0058  0.0214
                                                            8
   39 0000003C 27 00           DCW              39          ; 30 0x0027  0.0095
                                                            2
   40 0000003E 0A 00           DCW              10          ; 31 0x000a  0.0024
                                                            4
   41 00000040 00 00           DCW              0           ; 32 0x0000  0.0000
                                                            0
   42 00000042 0A 00           DCW              10          ; 33 0x000a  0.0024
                                                            4
   43 00000044 27 00           DCW              39          ; 34 0x0027  0.0095
                                                            2
   44 00000046 58 00           DCW              88          ; 35 0x0058  0.0214
                                                            8
   45 00000048 9C 00           DCW              156         ; 36 0x009c  0.0380
                                                            9
   46 0000004A F2 00           DCW              242         ; 37 0x00f2  0.0590
                                                            8
   47 0000004C 59 01           DCW              345         ; 38 0x0159  0.0842
                                                            3
   48 0000004E D1 01           DCW              465         ; 39 0x01d1  0.1135
                                                            3
   49 00000050 58 02           DCW              600         ; 40 0x0258  0.1464
                                                            8
   50 00000052 ED 02           DCW              749         ; 41 0x02ed  0.1828
                                                            6
   51 00000054 8E 03           DCW              910         ; 42 0x038e  0.2221
                                                            7
   52 00000056 3B 04           DCW              1083        ; 43 0x043b  0.2644
                                                            0
   53 00000058 F0 04           DCW              1264        ; 44 0x04f0  0.3085
                                                            9
   54 0000005A AD 05           DCW              1453        ; 45 0x05ad  0.3547
                                                            4
   55 0000005C 70 06           DCW              1648        ; 46 0x0670  0.4023
                                                            4
   56 0000005E 37 07           DCW              1847        ; 47 0x0737  0.4509
                                                            3
   57 00000060 00 08           DCW              2048        ; 48 0x0800  0.5000
                                                            0
   58 00000062 C9 08           DCW              2249        ; 49 0x08c9  0.5490
                                                            7
   59 00000064 90 09           DCW              2448        ; 50 0x0990  0.5976
                                                            6
   60 00000066 53 0A           DCW              2643        ; 51 0x0a53  0.6452
                                                            6
   61 00000068 10 0B           DCW              2832        ; 52 0x0b10  0.6914
                                                            1
   62 0000006A C5 0B           DCW              3013        ; 53 0x0bc5  0.7356
                                                            0
   63 0000006C 72 0C           DCW              3186        ; 54 0x0c72  0.7778
                                                            3



ARM Macro Assembler    Page 3 


   64 0000006E 13 0D           DCW              3347        ; 55 0x0d13  0.8171
                                                            4
   65 00000070 A8 0D           DCW              3496        ; 56 0x0da8  0.8535
                                                            2
   66 00000072 2F 0E           DCW              3631        ; 57 0x0e2f  0.8864
                                                            7
   67 00000074 A7 0E           DCW              3751        ; 58 0x0ea7  0.9157
                                                            7
   68 00000076 0E 0F           DCW              3854        ; 59 0x0f0e  0.9409
                                                            2
   69 00000078 64 0F           DCW              3940        ; 60 0x0f64  0.9619
                                                            1
   70 0000007A A8 0F           DCW              4008        ; 61 0x0fa8  0.9785
                                                            2
   71 0000007C D9 0F           DCW              4057        ; 62 0x0fd9  0.9904
                                                            8
   72 0000007E F6 0F           DCW              4086        ; 63 0x0ff6  0.9975
                                                            6
   73 00000080         
   74 00000080                 END
Command Line: --debug --xref --diag_suppress=9931 --cpu=Cortex-M3 --apcs=interw
ork --depend=.\signal.d -o.\signal.o -I.\RTE\_Target_1 -ID:\Pierre-rog\AppData\
Local\Arm\Packs\ARM\CMSIS\5.6.0\CMSIS\Core\Include -ID:\Pierre-rog\AppData\Loca
l\Arm\Packs\Keil\STM32F1xx_DFP\2.3.0\Device\Include --predefine="__EVAL SETA 1"
 --predefine="__MICROLIB SETA 1" --predefine="__UVISION_VERSION SETA 529" --pre
define="_RTE_ SETA 1" --predefine="STM32F10X_MD SETA 1" --list=.\signal.lst Mat
lab\Signal.asm



ARM Macro Assembler    Page 1 Alphabetic symbol ordering
Relocatable symbols

Signal 00000000

Symbol: Signal
   Definitions
      At line 1 in file Matlab\Signal.asm
   Uses
      None
Comment: Signal unused
TabSig 00000000

Symbol: TabSig
   Definitions
      At line 8 in file Matlab\Signal.asm
   Uses
      At line 2 in file Matlab\Signal.asm
Comment: TabSig used once
2 symbols
337 symbols in table
